2024-11-27 22:41:28,940 p=3996 u=ihoffmann n=ansible | [WARNING]: provided hosts list is empty, only localhost is available. Note that
the implicit localhost does not match 'all'

2024-11-27 22:41:29,063 p=3996 u=ihoffmann n=ansible | ERROR! the role 'Crea_Carpetas_<Hoffmann>' was not found in /home/ihoffmann/UTNFRA_SO_Recu_2do_Parcial_Hoffmann/202411/ansible/roles:/tmp:/home/ihoffmann/UTNFRA_SO_Recu_2do_Parcial_Hoffmann/202411:/home/ihoffmann/UTNFRA_SO_Recu_2do_Parcial_Hoffmann/202411/ansible

The error appears to be in '/home/ihoffmann/UTNFRA_SO_Recu_2do_Parcial_Hoffmann/202411/ansible/playbook.yml': line 8, column 7, but may
be elsewhere in the file depending on the exact syntax problem.

The offending line appears to be:

    - 2PRecuperatorio
    - Crea_Carpetas_<Hoffmann>
      ^ here

2024-11-27 22:49:25,006 p=4057 u=ihoffmann n=ansible | ERROR! the role 'Crea_Carpetas_<Hoffmann>' was not found in /home/ihoffmann/UTNFRA_SO_Recu_2do_Parcial_Hoffmann/202411/ansible/roles:/tmp:/home/ihoffmann/UTNFRA_SO_Recu_2do_Parcial_Hoffmann/202411:/home/ihoffmann/UTNFRA_SO_Recu_2do_Parcial_Hoffmann/202411/ansible

The error appears to be in '/home/ihoffmann/UTNFRA_SO_Recu_2do_Parcial_Hoffmann/202411/ansible/playbook.yml': line 8, column 7, but may
be elsewhere in the file depending on the exact syntax problem.

The offending line appears to be:

    - 2PRecuperatorio
    - Crea_Carpetas_<Hoffmann>
      ^ here

2024-11-27 22:50:35,744 p=4069 u=ihoffmann n=ansible | PLAY [Configuración del sistema para el parcial] *******************************
2024-11-27 22:50:35,754 p=4069 u=ihoffmann n=ansible | TASK [Gathering Facts] *********************************************************
2024-11-27 22:50:38,076 p=4069 u=ihoffmann n=ansible | [WARNING]: Platform linux on host localhost is using the discovered Python
interpreter at /usr/bin/python3.10, but future installation of another Python
interpreter could change the meaning of that path. See
https://docs.ansible.com/ansible-
core/2.17/reference_appendices/interpreter_discovery.html for more information.

2024-11-27 22:50:38,077 p=4069 u=ihoffmann n=ansible | ok: [localhost]
2024-11-27 22:50:38,082 p=4069 u=ihoffmann n=ansible | TASK [2PRecuperatorio : Crear grupo GProfesores] *******************************
2024-11-27 22:50:38,322 p=4069 u=ihoffmann n=ansible | changed: [localhost]
2024-11-27 22:50:38,326 p=4069 u=ihoffmann n=ansible | TASK [2PRecuperatorio : Crear grupo GAlumnos] **********************************
2024-11-27 22:50:38,489 p=4069 u=ihoffmann n=ansible | changed: [localhost]
2024-11-27 22:50:38,494 p=4069 u=ihoffmann n=ansible | TASK [2PRecuperatorio : Crear usuario profesor] ********************************
2024-11-27 22:50:38,797 p=4069 u=ihoffmann n=ansible | changed: [localhost]
2024-11-27 22:50:38,803 p=4069 u=ihoffmann n=ansible | TASK [2PRecuperatorio : Crear usuario alumno] **********************************
2024-11-27 22:50:39,013 p=4069 u=ihoffmann n=ansible | changed: [localhost]
2024-11-27 22:50:39,021 p=4069 u=ihoffmann n=ansible | TASK [Crea_Carpetas_Hoffmann : Crear carpeta UTN] ******************************
2024-11-27 22:50:39,251 p=4069 u=ihoffmann n=ansible | changed: [localhost]
2024-11-27 22:50:39,256 p=4069 u=ihoffmann n=ansible | TASK [Crea_Carpetas_Hoffmann : Crear carpeta UTN/Alumno] ***********************
2024-11-27 22:50:39,408 p=4069 u=ihoffmann n=ansible | changed: [localhost]
2024-11-27 22:50:39,413 p=4069 u=ihoffmann n=ansible | TASK [Crea_Carpetas_Hoffmann : Crear carpeta UTN/Profesor] *********************
2024-11-27 22:50:39,566 p=4069 u=ihoffmann n=ansible | changed: [localhost]
2024-11-27 22:50:39,574 p=4069 u=ihoffmann n=ansible | TASK [Cambia_Propiedad_Hoffmann : Cambiar propietario de /UTN/Alumno] **********
2024-11-27 22:50:39,733 p=4069 u=ihoffmann n=ansible | changed: [localhost]
2024-11-27 22:50:39,738 p=4069 u=ihoffmann n=ansible | TASK [Cambia_Propiedad_Hoffmann : Cambiar propietario de /UTN/Profesor] ********
2024-11-27 22:50:39,885 p=4069 u=ihoffmann n=ansible | changed: [localhost]
2024-11-27 22:50:39,894 p=4069 u=ihoffmann n=ansible | TASK [Sudoers_Hoffmann : Permitir que el grupo GProfesores use sudo sin contraseña] ***
2024-11-27 22:50:40,283 p=4069 u=ihoffmann n=ansible | changed: [localhost]
2024-11-27 22:50:40,288 p=4069 u=ihoffmann n=ansible | PLAY RECAP *********************************************************************
2024-11-27 22:50:40,289 p=4069 u=ihoffmann n=ansible | localhost                  : ok=11   changed=10   unreachable=0    failed=0    skipped=0    rescued=0    ignored=0   
2024-11-27 22:51:12,339 p=4503 u=ihoffmann n=ansible | [WARNING]: Platform linux on host localhost is using the discovered Python
interpreter at /usr/bin/python3.10, but future installation of another Python
interpreter could change the meaning of that path. See
https://docs.ansible.com/ansible-
core/2.17/reference_appendices/interpreter_discovery.html for more information.

2024-11-27 22:51:12,340 p=4503 u=ihoffmann n=ansible | localhost | SUCCESS => {
    "ansible_facts": {
        "discovered_interpreter_python": "/usr/bin/python3.10"
    },
    "changed": false,
    "ping": "pong"
}
